


ARM Macro Assembler    Page 1 


    1 00000000         ;******************** (C) COPYRIGHT 2013 STMicroelectron
                       ics ********************
    2 00000000         ;* File Name          : startup_stm32f429_439xx.s
    3 00000000         ;* Author             : MCD Application Team
    4 00000000         ;* Version            : V1.2.1
    5 00000000         ;* Date               : 19-September-2013
    6 00000000         ;* Description        : STM32F429xx/439xx devices vector
                        table for MDK-ARM toolchain. 
    7 00000000         ;*                      This module performs:
    8 00000000         ;*                      - Set the initial SP
    9 00000000         ;*                      - Set the initial PC == Reset_Ha
                       ndler
   10 00000000         ;*                      - Set the vector table entries w
                       ith the exceptions ISR address
   11 00000000         ;*                      - Configure the system clock and
                        the external SRAM/SDRAM mounted  
   12 00000000         ;*                        on STM324x9I-EVAL boards to be
                        used as data memory  
   13 00000000         ;*                        (optional, to be enabled by us
                       er)
   14 00000000         ;*                      - Branches to __main in the C li
                       brary (which eventually
   15 00000000         ;*                        calls main()).
   16 00000000         ;*                      After Reset the CortexM4 process
                       or is in Thread mode,
   17 00000000         ;*                      priority is Privileged, and the 
                       Stack is set to Main.
   18 00000000         ;* <<< Use Configuration Wizard in Context Menu >>>   
   19 00000000         ;*******************************************************
                       ************************
   20 00000000         ; 
   21 00000000         ; Licensed under MCD-ST Liberty SW License Agreement V2,
                        (the "License");
   22 00000000         ; You may not use this file except in compliance with th
                       e License.
   23 00000000         ; You may obtain a copy of the License at:
   24 00000000         ; 
   25 00000000         ;        http://www.st.com/software_license_agreement_li
                       berty_v2
   26 00000000         ; 
   27 00000000         ; Unless required by applicable law or agreed to in writ
                       ing, software 
   28 00000000         ; distributed under the License is distributed on an "AS
                        IS" BASIS, 
   29 00000000         ; WITHOUT WARRANTIES OR CONDITIONS OF ANY KIND, either e
                       xpress or implied.
   30 00000000         ; See the License for the specific language governing pe
                       rmissions and
   31 00000000         ; limitations under the License.
   32 00000000         ; 
   33 00000000         ;*******************************************************
                       ************************
   34 00000000         
   35 00000000         ; Amount of memory (in bytes) allocated for Stack
   36 00000000         ; Tailor this value to your application needs
   37 00000000         ; <h> Stack Configuration
   38 00000000         ;   <o> Stack Size (in Bytes) <0x0-0xFFFFFFFF:8>
   39 00000000         ; </h>
   40 00000000         



ARM Macro Assembler    Page 2 


   41 00000000         ;Stack_Size      EQU     0x00002000
   42 00000000 00005000 
                       Stack_Size
                               EQU              0x00005000
   43 00000000         ;Stack_Size      EQU     0x00004000
   44 00000000         
   45 00000000                 AREA             STACK, NOINIT, READWRITE, ALIGN
=3
   46 00000000         Stack_Mem
                               SPACE            Stack_Size
   47 00005000         __initial_sp
   48 00005000         
   49 00005000         
   50 00005000         ; <h> Heap Configuration
   51 00005000         ;   <o>  Heap Size (in Bytes) <0x0-0xFFFFFFFF:8>
   52 00005000         ; </h>
   53 00005000         
   54 00005000         ;Heap_Size       EQU     0x00000E00
   55 00005000 00000200 
                       Heap_Size
                               EQU              0x00000200
   56 00005000         
   57 00005000                 AREA             HEAP, NOINIT, READWRITE, ALIGN=
3
   58 00000000         __heap_base
   59 00000000         Heap_Mem
                               SPACE            Heap_Size
   60 00000200         __heap_limit
   61 00000200         
   62 00000200                 PRESERVE8
   63 00000200                 THUMB
   64 00000200         
   65 00000200         ;    EXTERN xPortPendSVHandler
   66 00000200         ;    EXTERN vPortSVCHandler
   67 00000200         
   68 00000200         
   69 00000200         ; Vector Table Mapped to Address 0 at Reset
   70 00000200                 AREA             RESET, DATA, READONLY
   71 00000000                 EXPORT           __Vectors
   72 00000000                 EXPORT           __Vectors_End
   73 00000000                 EXPORT           __Vectors_Size
   74 00000000         
   75 00000000 00000000 
                       __Vectors
                               DCD              __initial_sp ; Top of Stack
   76 00000004 00000000        DCD              Reset_Handler ; Reset Handler
   77 00000008 00000000        DCD              NMI_Handler ; NMI Handler
   78 0000000C 00000000        DCD              HardFault_Handler ; Hard Fault 
                                                            Handler
   79 00000010 00000000        DCD              MemManage_Handler 
                                                            ; MPU Fault Handler
                                                            
   80 00000014 00000000        DCD              BusFault_Handler 
                                                            ; Bus Fault Handler
                                                            
   81 00000018 00000000        DCD              UsageFault_Handler ; Usage Faul
                                                            t Handler
   82 0000001C 00000000        DCD              0           ; Reserved
   83 00000020 00000000        DCD              0           ; Reserved



ARM Macro Assembler    Page 3 


   84 00000024 00000000        DCD              0           ; Reserved
   85 00000028 00000000        DCD              0           ; Reserved
   86 0000002C 00000000        DCD              SVC_Handler ; SVCall Handler
   87 00000030 00000000        DCD              DebugMon_Handler ; Debug Monito
                                                            r Handler
   88 00000034 00000000        DCD              0           ; Reserved
   89 00000038 00000000        DCD              OS_CPU_PendSVHandler 
                                                            ; PendSV Handler
   90 0000003C 00000000        DCD              OS_CPU_SysTickHandler 
                                                            ; SysTick Handler
   91 00000040         ;    DCD     SysTick_Handler
   92 00000040         ; External Interrupts
   93 00000040 00000000        DCD              WWDG_IRQHandler ; Window WatchD
                                                            og                 
                                                                               
                                                                
   94 00000044 00000000        DCD              PVD_IRQHandler ; PVD through EX
                                                            TI Line detection  
                                                                               
                                                               
   95 00000048 00000000        DCD              TAMP_STAMP_IRQHandler ; Tamper 
                                                            and TimeStamps thro
                                                            ugh the EXTI line  
                                                                      
   96 0000004C 00000000        DCD              RTC_WKUP_IRQHandler ; RTC Wakeu
                                                            p through the EXTI 
                                                            line               
                                                                    
   97 00000050 00000000        DCD              FLASH_IRQHandler ; FLASH       
                                                                               
                                                                             
   98 00000054 00000000        DCD              RCC_IRQHandler ; RCC           
                                                                               
                                                                           
   99 00000058 00000000        DCD              EXTI0_IRQHandler ; EXTI Line0  
                                                                               
                                                                               
                                                                 
  100 0000005C 00000000        DCD              EXTI1_IRQHandler ; EXTI Line1  
                                                                               
                                                                               
                                                                 
  101 00000060 00000000        DCD              EXTI2_IRQHandler ; EXTI Line2  
                                                                               
                                                                               
                                                                 
  102 00000064 00000000        DCD              EXTI3_IRQHandler ; EXTI Line3  
                                                                               
                                                                               
                                                                 
  103 00000068 00000000        DCD              EXTI4_IRQHandler ; EXTI Line4  
                                                                               
                                                                               
                                                                 
  104 0000006C 00000000        DCD              DMA1_Stream0_IRQHandler ; DMA1 
                                                            Stream 0           
                                                                               
                                                                 
  105 00000070 00000000        DCD              DMA1_Stream1_IRQHandler ; DMA1 



ARM Macro Assembler    Page 4 


                                                            Stream 1           
                                                                               
                                                                 
  106 00000074 00000000        DCD              DMA1_Stream2_IRQHandler ; DMA1 
                                                            Stream 2           
                                                                               
                                                                 
  107 00000078 00000000        DCD              DMA1_Stream3_IRQHandler ; DMA1 
                                                            Stream 3           
                                                                               
                                                                 
  108 0000007C 00000000        DCD              DMA1_Stream4_IRQHandler ; DMA1 
                                                            Stream 4           
                                                                               
                                                                 
  109 00000080 00000000        DCD              DMA1_Stream5_IRQHandler ; DMA1 
                                                            Stream 5           
                                                                               
                                                                 
  110 00000084 00000000        DCD              DMA1_Stream6_IRQHandler ; DMA1 
                                                            Stream 6           
                                                                               
                                                                 
  111 00000088 00000000        DCD              ADC_IRQHandler ; ADC1, ADC2 and
                                                             ADC3s             
                                                                           
  112 0000008C 00000000        DCD              CAN1_TX_IRQHandler ; CAN1 TX   
                                                                               
                                                                               
                                                                   
  113 00000090 00000000        DCD              CAN1_RX0_IRQHandler ; CAN1 RX0 
                                                                               
                                                                               
                                                                    
  114 00000094 00000000        DCD              CAN1_RX1_IRQHandler ; CAN1 RX1 
                                                                               
                                                                               
                                                                    
  115 00000098 00000000        DCD              CAN1_SCE_IRQHandler ; CAN1 SCE 
                                                                               
                                                                               
                                                                    
  116 0000009C 00000000        DCD              EXTI9_5_IRQHandler ; External L
                                                            ine[9:5]s          
                                                                               
                                                                   
  117 000000A0 00000000        DCD              TIM1_BRK_TIM9_IRQHandler ; TIM1
                                                             Break and TIM9    
                                                                           
  118 000000A4 00000000        DCD              TIM1_UP_TIM10_IRQHandler ; TIM1
                                                             Update and TIM10  
                                                                           
  119 000000A8 00000000        DCD              TIM1_TRG_COM_TIM11_IRQHandler ;
                                                             TIM1 Trigger and C
                                                            ommutation and TIM1
                                                            1
  120 000000AC 00000000        DCD              TIM1_CC_IRQHandler ; TIM1 Captu
                                                            re Compare         
                                                                               



ARM Macro Assembler    Page 5 


                                                                   
  121 000000B0 00000000        DCD              TIM2_IRQHandler ; TIM2         
                                                                               
                                                                            
  122 000000B4 00000000        DCD              TIM3_IRQHandler ; TIM3         
                                                                               
                                                                            
  123 000000B8 00000000        DCD              TIM4_IRQHandler ; TIM4         
                                                                               
                                                                            
  124 000000BC 00000000        DCD              I2C1_EV_IRQHandler ; I2C1 Event
                                                                               
                                                                               
                                                                   
  125 000000C0 00000000        DCD              I2C1_ER_IRQHandler ; I2C1 Error
                                                                               
                                                                               
                                                                   
  126 000000C4 00000000        DCD              I2C2_EV_IRQHandler ; I2C2 Event
                                                                               
                                                                               
                                                                   
  127 000000C8 00000000        DCD              I2C2_ER_IRQHandler ; I2C2 Error
                                                                               
                                                                               
                                                                     
  128 000000CC 00000000        DCD              SPI1_IRQHandler ; SPI1         
                                                                               
                                                                            
  129 000000D0 00000000        DCD              SPI2_IRQHandler ; SPI2         
                                                                               
                                                                            
  130 000000D4 00000000        DCD              USART1_IRQHandler ; USART1     
                                                                               
                                                                              
  131 000000D8 00000000        DCD              USART2_IRQHandler ; USART2     
                                                                               
                                                                              
  132 000000DC 00000000        DCD              USART3_IRQHandler ; USART3     
                                                                               
                                                                              
  133 000000E0 00000000        DCD              EXTI15_10_IRQHandler ; External
                                                             Line[15:10]s      
                                                                               
                                                                     
  134 000000E4 00000000        DCD              RTC_Alarm_IRQHandler ; RTC Alar
                                                            m (A and B) through
                                                             EXTI Line         
                                                                     
  135 000000E8 00000000        DCD              OTG_FS_WKUP_IRQHandler ; USB OT
                                                            G FS Wakeup through
                                                             EXTI line         
                                                                           
  136 000000EC 00000000        DCD              TIM8_BRK_TIM12_IRQHandler ; TIM
                                                            8 Break and TIM12  
                                                                            
  137 000000F0 00000000        DCD              TIM8_UP_TIM13_IRQHandler ; TIM8
                                                             Update and TIM13  
                                                                           



ARM Macro Assembler    Page 6 


  138 000000F4 00000000        DCD              TIM8_TRG_COM_TIM14_IRQHandler ;
                                                             TIM8 Trigger and C
                                                            ommutation and TIM1
                                                            4
  139 000000F8 00000000        DCD              TIM8_CC_IRQHandler ; TIM8 Captu
                                                            re Compare         
                                                                               
                                                                   
  140 000000FC 00000000        DCD              DMA1_Stream7_IRQHandler ; DMA1 
                                                            Stream7            
                                                                               
                                                                        
  141 00000100 00000000        DCD              FMC_IRQHandler ; FMC           
                                                                               
                                                                           
  142 00000104 00000000        DCD              SDIO_IRQHandler ; SDIO         
                                                                               
                                                                            
  143 00000108 00000000        DCD              TIM5_IRQHandler ; TIM5         
                                                                               
                                                                            
  144 0000010C 00000000        DCD              SPI3_IRQHandler ; SPI3         
                                                                               
                                                                            
  145 00000110 00000000        DCD              UART4_IRQHandler ; UART4       
                                                                               
                                                                             
  146 00000114 00000000        DCD              UART5_IRQHandler ; UART5       
                                                                               
                                                                             
  147 00000118 00000000        DCD              TIM6_DAC_IRQHandler ; TIM6 and 
                                                            DAC1&2 underrun err
                                                            ors                
                                                               
  148 0000011C 00000000        DCD              TIM7_IRQHandler ; TIM7         
                                                                      
  149 00000120 00000000        DCD              DMA2_Stream0_IRQHandler ; DMA2 
                                                            Stream 0           
                                                                               
                                                                 
  150 00000124 00000000        DCD              DMA2_Stream1_IRQHandler ; DMA2 
                                                            Stream 1           
                                                                               
                                                                 
  151 00000128 00000000        DCD              DMA2_Stream2_IRQHandler ; DMA2 
                                                            Stream 2           
                                                                               
                                                                 
  152 0000012C 00000000        DCD              DMA2_Stream3_IRQHandler ; DMA2 
                                                            Stream 3           
                                                                               
                                                                 
  153 00000130 00000000        DCD              DMA2_Stream4_IRQHandler ; DMA2 
                                                            Stream 4           
                                                                               
                                                                 
  154 00000134 00000000        DCD              ETH_IRQHandler ; Ethernet      
                                                                               
                                                                           



ARM Macro Assembler    Page 7 


  155 00000138 00000000        DCD              ETH_WKUP_IRQHandler ; Ethernet 
                                                            Wakeup through EXTI
                                                             line              
                                                                    
  156 0000013C 00000000        DCD              CAN2_TX_IRQHandler ; CAN2 TX   
                                                                               
                                                                               
                                                                   
  157 00000140 00000000        DCD              CAN2_RX0_IRQHandler ; CAN2 RX0 
                                                                               
                                                                               
                                                                    
  158 00000144 00000000        DCD              CAN2_RX1_IRQHandler ; CAN2 RX1 
                                                                               
                                                                               
                                                                    
  159 00000148 00000000        DCD              CAN2_SCE_IRQHandler ; CAN2 SCE 
                                                                               
                                                                               
                                                                    
  160 0000014C 00000000        DCD              OTG_FS_IRQHandler ; USB OTG FS 
                                                                               
                                                                              
  161 00000150 00000000        DCD              DMA2_Stream5_IRQHandler ; DMA2 
                                                            Stream 5           
                                                                               
                                                                 
  162 00000154 00000000        DCD              DMA2_Stream6_IRQHandler ; DMA2 
                                                            Stream 6           
                                                                               
                                                                 
  163 00000158 00000000        DCD              DMA2_Stream7_IRQHandler ; DMA2 
                                                            Stream 7           
                                                                               
                                                                 
  164 0000015C 00000000        DCD              USART6_IRQHandler ; USART6     
                                                                               
                                                                               
                                                            
  165 00000160 00000000        DCD              I2C3_EV_IRQHandler ; I2C3 event
                                                                               
                                                                               
                                                                   
  166 00000164 00000000        DCD              I2C3_ER_IRQHandler ; I2C3 error
                                                                               
                                                                               
                                                                   
  167 00000168 00000000        DCD              OTG_HS_EP1_OUT_IRQHandler ; USB
                                                             OTG HS End Point 1
                                                             Out               
                                                                   
  168 0000016C 00000000        DCD              OTG_HS_EP1_IN_IRQHandler ; USB 
                                                            OTG HS End Point 1 
                                                            In                 
                                                                  
  169 00000170 00000000        DCD              OTG_HS_WKUP_IRQHandler ; USB OT
                                                            G HS Wakeup through
                                                             EXTI              
                                                                       



ARM Macro Assembler    Page 8 


  170 00000174 00000000        DCD              OTG_HS_IRQHandler ; USB OTG HS 
                                                                               
                                                                              
  171 00000178 00000000        DCD              DCMI_IRQHandler ; DCMI         
                                                                               
                                                                            
  172 0000017C 00000000        DCD              CRYP_IRQHandler ; CRYP crypto  
                                                                               
                                                                            
  173 00000180 00000000        DCD              HASH_RNG_IRQHandler 
                                                            ; Hash and Rng
  174 00000184 00000000        DCD              FPU_IRQHandler ; FPU
  175 00000188 00000000        DCD              UART7_IRQHandler ; UART7
  176 0000018C 00000000        DCD              UART8_IRQHandler ; UART8
  177 00000190 00000000        DCD              SPI4_IRQHandler ; SPI4
  178 00000194 00000000        DCD              SPI5_IRQHandler ; SPI5
  179 00000198 00000000        DCD              SPI6_IRQHandler ; SPI6
  180 0000019C 00000000        DCD              SAI1_IRQHandler ; SAI1
  181 000001A0 00000000        DCD              LTDC_IRQHandler ; LTDC
  182 000001A4 00000000        DCD              LTDC_ER_IRQHandler ; LTDC error
                                                            
  183 000001A8 00000000        DCD              DMA2D_IRQHandler ; DMA2D
  184 000001AC         
  185 000001AC         __Vectors_End
  186 000001AC         
  187 000001AC 000001AC 
                       __Vectors_Size
                               EQU              __Vectors_End - __Vectors
  188 000001AC         
  189 000001AC                 AREA             |.text|, CODE, READONLY
  190 00000000         
  191 00000000         ; Reset handler
  192 00000000         Reset_Handler
                               PROC
  193 00000000                 EXPORT           Reset_Handler             [WEAK
]
  194 00000000                 IMPORT           SystemInit
  195 00000000                 IMPORT           __main
  196 00000000         
  197 00000000         ;
  198 00000000                 IF               {FPU} != "SoftVFP"
  199 00000000         ; Enable Floating Point Support at reset for FPU
  200 00000000 F8DF 0044       LDR.W            R0, =0xE000ED88 ; Load address 
                                                            of CPACR register
  201 00000004 6801            LDR              R1, [R0]    ; Read value at CPA
                                                            CR
  202 00000006 F441 0170       ORR              R1,  R1, #(0xF <<20) ; Set bits
                                                             20-23 to enable CP
                                                            10 and CP11 coproce
                                                            ssors
  203 0000000A         ; Write back the modified CPACR value
  204 0000000A 6001            STR              R1, [R0]    ; Wait for store to
                                                             complete
  205 0000000C F3BF 8F4F       DSB
  206 00000010         
  207 00000010         ; Disable automatic FP register content
  208 00000010         ; Disable lazy context switch
  209 00000010 F8DF 0038       LDR.W            R0, =0xE000EF34 ; Load address 
                                                            to FPCCR register



ARM Macro Assembler    Page 9 


  210 00000014 6801            LDR              R1, [R0]
  211 00000016 F021 4140       AND              R1,  R1, #(0x3FFFFFFF) ; Clear 
                                                            the LSPEN and ASPEN
                                                             bits
  212 0000001A 6001            STR              R1, [R0]
  213 0000001C F3BF 8F6F       ISB                          ; Reset pipeline no
                                                            w the FPU is enable
                                                            d
  214 00000020                 ENDIF
  215 00000020         
  216 00000020         ;
  217 00000020         
  218 00000020 480B            LDR              R0, =SystemInit
  219 00000022 4780            BLX              R0
  220 00000024 480B            LDR              R0, =__main
  221 00000026 4700            BX               R0
  222 00000028                 ENDP
  223 00000028         
  224 00000028         ; Dummy Exception Handlers (infinite loops which can be 
                       modified)
  225 00000028         
  226 00000028         NMI_Handler
                               PROC
  227 00000028                 EXPORT           NMI_Handler                [WEA
K]
  228 00000028 E7FE            B                .
  229 0000002A                 ENDP
  231 0000002A         HardFault_Handler
                               PROC
  232 0000002A                 EXPORT           HardFault_Handler          [WEA
K]
  233 0000002A E7FE            B                .
  234 0000002C                 ENDP
  236 0000002C         MemManage_Handler
                               PROC
  237 0000002C                 EXPORT           MemManage_Handler          [WEA
K]
  238 0000002C E7FE            B                .
  239 0000002E                 ENDP
  241 0000002E         BusFault_Handler
                               PROC
  242 0000002E                 EXPORT           BusFault_Handler           [WEA
K]
  243 0000002E E7FE            B                .
  244 00000030                 ENDP
  246 00000030         UsageFault_Handler
                               PROC
  247 00000030                 EXPORT           UsageFault_Handler         [WEA
K]
  248 00000030 E7FE            B                .
  249 00000032                 ENDP
  250 00000032         SVC_Handler
                               PROC
  251 00000032                 EXPORT           SVC_Handler                [WEA
K]
  252 00000032 E7FE            B                .
  253 00000034                 ENDP
  255 00000034         DebugMon_Handler
                               PROC



ARM Macro Assembler    Page 10 


  256 00000034                 EXPORT           DebugMon_Handler           [WEA
K]
  257 00000034 E7FE            B                .
  258 00000036                 ENDP
  259 00000036         OS_CPU_PendSVHandler
                               PROC
  260 00000036                 EXPORT           OS_CPU_PendSVHandler           
  [WEAK]
  261 00000036 E7FE            B                .
  262 00000038                 ENDP
  263 00000038         
  264 00000038         OS_CPU_SysTickHandler
                               PROC
  265 00000038                 EXPORT           OS_CPU_SysTickHandler          
  [WEAK]
  266 00000038 E7FE            B                .
  267 0000003A                 ENDP
  268 0000003A         
  269 0000003A         ;SysTick_Handler PROC
  270 0000003A         ;EXPORT  SysTick_Handler            [WEAK]
  271 0000003A         ;B       .
  272 0000003A         ;ENDP
  273 0000003A         
  274 0000003A         Default_Handler
                               PROC
  275 0000003A         
  276 0000003A                 EXPORT           WWDG_IRQHandler                
   [WEAK]
  277 0000003A                 EXPORT           PVD_IRQHandler                 
   [WEAK]
  278 0000003A                 EXPORT           TAMP_STAMP_IRQHandler          
   [WEAK]
  279 0000003A                 EXPORT           RTC_WKUP_IRQHandler            
   [WEAK]
  280 0000003A                 EXPORT           FLASH_IRQHandler               
   [WEAK]
  281 0000003A                 EXPORT           RCC_IRQHandler                 
   [WEAK]
  282 0000003A                 EXPORT           EXTI0_IRQHandler               
   [WEAK]
  283 0000003A                 EXPORT           EXTI1_IRQHandler               
   [WEAK]
  284 0000003A                 EXPORT           EXTI2_IRQHandler               
   [WEAK]
  285 0000003A                 EXPORT           EXTI3_IRQHandler               
   [WEAK]
  286 0000003A                 EXPORT           EXTI4_IRQHandler               
   [WEAK]
  287 0000003A                 EXPORT           DMA1_Stream0_IRQHandler        
   [WEAK]
  288 0000003A                 EXPORT           DMA1_Stream1_IRQHandler        
   [WEAK]
  289 0000003A                 EXPORT           DMA1_Stream2_IRQHandler        
   [WEAK]
  290 0000003A                 EXPORT           DMA1_Stream3_IRQHandler        
   [WEAK]
  291 0000003A                 EXPORT           DMA1_Stream4_IRQHandler        
   [WEAK]
  292 0000003A                 EXPORT           DMA1_Stream5_IRQHandler        



ARM Macro Assembler    Page 11 


   [WEAK]
  293 0000003A                 EXPORT           DMA1_Stream6_IRQHandler        
   [WEAK]
  294 0000003A                 EXPORT           ADC_IRQHandler                 
   [WEAK]
  295 0000003A                 EXPORT           CAN1_TX_IRQHandler             
   [WEAK]
  296 0000003A                 EXPORT           CAN1_RX0_IRQHandler            
   [WEAK]
  297 0000003A                 EXPORT           CAN1_RX1_IRQHandler            
   [WEAK]
  298 0000003A                 EXPORT           CAN1_SCE_IRQHandler            
   [WEAK]
  299 0000003A                 EXPORT           EXTI9_5_IRQHandler             
   [WEAK]
  300 0000003A                 EXPORT           TIM1_BRK_TIM9_IRQHandler       
   [WEAK]
  301 0000003A                 EXPORT           TIM1_UP_TIM10_IRQHandler       
   [WEAK]
  302 0000003A                 EXPORT           TIM1_TRG_COM_TIM11_IRQHandler  
   [WEAK]
  303 0000003A                 EXPORT           TIM1_CC_IRQHandler             
   [WEAK]
  304 0000003A                 EXPORT           TIM2_IRQHandler                
   [WEAK]
  305 0000003A                 EXPORT           TIM3_IRQHandler                
   [WEAK]
  306 0000003A                 EXPORT           TIM4_IRQHandler                
   [WEAK]
  307 0000003A                 EXPORT           I2C1_EV_IRQHandler             
   [WEAK]
  308 0000003A                 EXPORT           I2C1_ER_IRQHandler             
   [WEAK]
  309 0000003A                 EXPORT           I2C2_EV_IRQHandler             
   [WEAK]
  310 0000003A                 EXPORT           I2C2_ER_IRQHandler             
   [WEAK]
  311 0000003A                 EXPORT           SPI1_IRQHandler                
   [WEAK]
  312 0000003A                 EXPORT           SPI2_IRQHandler                
   [WEAK]
  313 0000003A                 EXPORT           USART1_IRQHandler              
   [WEAK]
  314 0000003A                 EXPORT           USART2_IRQHandler              
   [WEAK]
  315 0000003A                 EXPORT           USART3_IRQHandler              
   [WEAK]
  316 0000003A                 EXPORT           EXTI15_10_IRQHandler           
   [WEAK]
  317 0000003A                 EXPORT           RTC_Alarm_IRQHandler           
   [WEAK]
  318 0000003A                 EXPORT           OTG_FS_WKUP_IRQHandler         
   [WEAK]
  319 0000003A                 EXPORT           TIM8_BRK_TIM12_IRQHandler      
   [WEAK]
  320 0000003A                 EXPORT           TIM8_UP_TIM13_IRQHandler       
   [WEAK]
  321 0000003A                 EXPORT           TIM8_TRG_COM_TIM14_IRQHandler  
   [WEAK]



ARM Macro Assembler    Page 12 


  322 0000003A                 EXPORT           TIM8_CC_IRQHandler             
   [WEAK]
  323 0000003A                 EXPORT           DMA1_Stream7_IRQHandler        
   [WEAK]
  324 0000003A                 EXPORT           FMC_IRQHandler                 
   [WEAK]
  325 0000003A                 EXPORT           SDIO_IRQHandler                
   [WEAK]
  326 0000003A                 EXPORT           TIM5_IRQHandler                
   [WEAK]
  327 0000003A                 EXPORT           SPI3_IRQHandler                
   [WEAK]
  328 0000003A                 EXPORT           UART4_IRQHandler               
   [WEAK]
  329 0000003A                 EXPORT           UART5_IRQHandler               
   [WEAK]
  330 0000003A                 EXPORT           TIM6_DAC_IRQHandler            
   [WEAK]
  331 0000003A                 EXPORT           TIM7_IRQHandler                
   [WEAK]
  332 0000003A                 EXPORT           DMA2_Stream0_IRQHandler        
   [WEAK]
  333 0000003A                 EXPORT           DMA2_Stream1_IRQHandler        
   [WEAK]
  334 0000003A                 EXPORT           DMA2_Stream2_IRQHandler        
   [WEAK]
  335 0000003A                 EXPORT           DMA2_Stream3_IRQHandler        
   [WEAK]
  336 0000003A                 EXPORT           DMA2_Stream4_IRQHandler        
   [WEAK]
  337 0000003A                 EXPORT           ETH_IRQHandler                 
   [WEAK]
  338 0000003A                 EXPORT           ETH_WKUP_IRQHandler            
   [WEAK]
  339 0000003A                 EXPORT           CAN2_TX_IRQHandler             
   [WEAK]
  340 0000003A                 EXPORT           CAN2_RX0_IRQHandler            
   [WEAK]
  341 0000003A                 EXPORT           CAN2_RX1_IRQHandler            
   [WEAK]
  342 0000003A                 EXPORT           CAN2_SCE_IRQHandler            
   [WEAK]
  343 0000003A                 EXPORT           OTG_FS_IRQHandler              
   [WEAK]
  344 0000003A                 EXPORT           DMA2_Stream5_IRQHandler        
   [WEAK]
  345 0000003A                 EXPORT           DMA2_Stream6_IRQHandler        
   [WEAK]
  346 0000003A                 EXPORT           DMA2_Stream7_IRQHandler        
   [WEAK]
  347 0000003A                 EXPORT           USART6_IRQHandler              
   [WEAK]
  348 0000003A                 EXPORT           I2C3_EV_IRQHandler             
   [WEAK]
  349 0000003A                 EXPORT           I2C3_ER_IRQHandler             
   [WEAK]
  350 0000003A                 EXPORT           OTG_HS_EP1_OUT_IRQHandler      
   [WEAK]
  351 0000003A                 EXPORT           OTG_HS_EP1_IN_IRQHandler       



ARM Macro Assembler    Page 13 


   [WEAK]
  352 0000003A                 EXPORT           OTG_HS_WKUP_IRQHandler         
   [WEAK]
  353 0000003A                 EXPORT           OTG_HS_IRQHandler              
   [WEAK]
  354 0000003A                 EXPORT           DCMI_IRQHandler                
   [WEAK]
  355 0000003A                 EXPORT           CRYP_IRQHandler                
   [WEAK]
  356 0000003A                 EXPORT           HASH_RNG_IRQHandler            
   [WEAK]
  357 0000003A                 EXPORT           FPU_IRQHandler                 
   [WEAK]
  358 0000003A                 EXPORT           UART7_IRQHandler               
   [WEAK]
  359 0000003A                 EXPORT           UART8_IRQHandler               
   [WEAK]
  360 0000003A                 EXPORT           SPI4_IRQHandler                
   [WEAK]
  361 0000003A                 EXPORT           SPI5_IRQHandler                
   [WEAK]
  362 0000003A                 EXPORT           SPI6_IRQHandler                
   [WEAK]
  363 0000003A                 EXPORT           SAI1_IRQHandler                
   [WEAK]
  364 0000003A                 EXPORT           LTDC_IRQHandler                
   [WEAK]
  365 0000003A                 EXPORT           LTDC_ER_IRQHandler             
   [WEAK]
  366 0000003A                 EXPORT           DMA2D_IRQHandler               
   [WEAK]
  367 0000003A         
  368 0000003A         WWDG_IRQHandler
  369 0000003A         PVD_IRQHandler
  370 0000003A         TAMP_STAMP_IRQHandler
  371 0000003A         RTC_WKUP_IRQHandler
  372 0000003A         FLASH_IRQHandler
  373 0000003A         RCC_IRQHandler
  374 0000003A         EXTI0_IRQHandler
  375 0000003A         EXTI1_IRQHandler
  376 0000003A         EXTI2_IRQHandler
  377 0000003A         EXTI3_IRQHandler
  378 0000003A         EXTI4_IRQHandler
  379 0000003A         DMA1_Stream0_IRQHandler
  380 0000003A         DMA1_Stream1_IRQHandler
  381 0000003A         DMA1_Stream2_IRQHandler
  382 0000003A         DMA1_Stream3_IRQHandler
  383 0000003A         DMA1_Stream4_IRQHandler
  384 0000003A         DMA1_Stream5_IRQHandler
  385 0000003A         DMA1_Stream6_IRQHandler
  386 0000003A         ADC_IRQHandler
  387 0000003A         CAN1_TX_IRQHandler
  388 0000003A         CAN1_RX0_IRQHandler
  389 0000003A         CAN1_RX1_IRQHandler
  390 0000003A         CAN1_SCE_IRQHandler
  391 0000003A         EXTI9_5_IRQHandler
  392 0000003A         TIM1_BRK_TIM9_IRQHandler
  393 0000003A         TIM1_UP_TIM10_IRQHandler
  394 0000003A         TIM1_TRG_COM_TIM11_IRQHandler



ARM Macro Assembler    Page 14 


  395 0000003A         TIM1_CC_IRQHandler
  396 0000003A         TIM2_IRQHandler
  397 0000003A         TIM3_IRQHandler
  398 0000003A         TIM4_IRQHandler
  399 0000003A         I2C1_EV_IRQHandler
  400 0000003A         I2C1_ER_IRQHandler
  401 0000003A         I2C2_EV_IRQHandler
  402 0000003A         I2C2_ER_IRQHandler
  403 0000003A         SPI1_IRQHandler
  404 0000003A         SPI2_IRQHandler
  405 0000003A         USART1_IRQHandler
  406 0000003A         USART2_IRQHandler
  407 0000003A         USART3_IRQHandler
  408 0000003A         EXTI15_10_IRQHandler
  409 0000003A         RTC_Alarm_IRQHandler
  410 0000003A         OTG_FS_WKUP_IRQHandler
  411 0000003A         TIM8_BRK_TIM12_IRQHandler
  412 0000003A         TIM8_UP_TIM13_IRQHandler
  413 0000003A         TIM8_TRG_COM_TIM14_IRQHandler
  414 0000003A         TIM8_CC_IRQHandler
  415 0000003A         DMA1_Stream7_IRQHandler
  416 0000003A         FMC_IRQHandler
  417 0000003A         SDIO_IRQHandler
  418 0000003A         TIM5_IRQHandler
  419 0000003A         SPI3_IRQHandler
  420 0000003A         UART4_IRQHandler
  421 0000003A         UART5_IRQHandler
  422 0000003A         TIM6_DAC_IRQHandler
  423 0000003A         TIM7_IRQHandler
  424 0000003A         DMA2_Stream0_IRQHandler
  425 0000003A         DMA2_Stream1_IRQHandler
  426 0000003A         DMA2_Stream2_IRQHandler
  427 0000003A         DMA2_Stream3_IRQHandler
  428 0000003A         DMA2_Stream4_IRQHandler
  429 0000003A         ETH_IRQHandler
  430 0000003A         ETH_WKUP_IRQHandler
  431 0000003A         CAN2_TX_IRQHandler
  432 0000003A         CAN2_RX0_IRQHandler
  433 0000003A         CAN2_RX1_IRQHandler
  434 0000003A         CAN2_SCE_IRQHandler
  435 0000003A         OTG_FS_IRQHandler
  436 0000003A         DMA2_Stream5_IRQHandler
  437 0000003A         DMA2_Stream6_IRQHandler
  438 0000003A         DMA2_Stream7_IRQHandler
  439 0000003A         USART6_IRQHandler
  440 0000003A         I2C3_EV_IRQHandler
  441 0000003A         I2C3_ER_IRQHandler
  442 0000003A         OTG_HS_EP1_OUT_IRQHandler
  443 0000003A         OTG_HS_EP1_IN_IRQHandler
  444 0000003A         OTG_HS_WKUP_IRQHandler
  445 0000003A         OTG_HS_IRQHandler
  446 0000003A         DCMI_IRQHandler
  447 0000003A         CRYP_IRQHandler
  448 0000003A         HASH_RNG_IRQHandler
  449 0000003A         FPU_IRQHandler
  450 0000003A         UART7_IRQHandler
  451 0000003A         UART8_IRQHandler
  452 0000003A         SPI4_IRQHandler
  453 0000003A         SPI5_IRQHandler



ARM Macro Assembler    Page 15 


  454 0000003A         SPI6_IRQHandler
  455 0000003A         SAI1_IRQHandler
  456 0000003A         LTDC_IRQHandler
  457 0000003A         LTDC_ER_IRQHandler
  458 0000003A         DMA2D_IRQHandler
  459 0000003A E7FE            B                .
  460 0000003C         
  461 0000003C                 ENDP
  462 0000003C         
  463 0000003C                 ALIGN
  464 0000003C         
  465 0000003C         ;*******************************************************
                       ************************
  466 0000003C         ; User Stack and Heap initialization
  467 0000003C         ;*******************************************************
                       ************************
  468 0000003C                 IF               :DEF:__MICROLIB
  475 0000003C         
  476 0000003C                 IMPORT           __use_two_region_memory
  477 0000003C                 EXPORT           __user_initial_stackheap
  478 0000003C         
  479 0000003C         __user_initial_stackheap
  480 0000003C         
  481 0000003C 4806            LDR              R0, =  Heap_Mem
  482 0000003E 4907            LDR              R1, =(Stack_Mem + Stack_Size)
  483 00000040 4A07            LDR              R2, = (Heap_Mem +  Heap_Size)
  484 00000042 4B08            LDR              R3, = Stack_Mem
  485 00000044 4770            BX               LR
  486 00000046         
  487 00000046 00 00           ALIGN
  488 00000048         
  489 00000048                 ENDIF
  490 00000048         
  491 00000048                 END
              E000ED88 
              E000EF34 
              00000000 
              00000000 
              00000000 
              00005000 
              00000200 
              00000000 
Command Line: --debug --xref --cpu=Cortex-M4.fp --apcs=interwork --depend=.\obj
\startup_stm32f429_439xx.d -o.\obj\startup_stm32f429_439xx.o -IC:\Keil\ARM\RV31
\INC -IC:\Keil\ARM\CMSIS\Include -IC:\Keil\ARM\Inc\ST\STM32F4xx --list=.\list\s
tartup_stm32f429_439xx.lst ..\BSP\startup_stm32f429_439xx.s



ARM Macro Assembler    Page 1 Alphabetic symbol ordering
Relocatable symbols

STACK 00000000

Symbol: STACK
   Definitions
      At line 45 in file ..\BSP\startup_stm32f429_439xx.s
   Uses
      None
Comment: STACK unused
Stack_Mem 00000000

Symbol: Stack_Mem
   Definitions
      At line 46 in file ..\BSP\startup_stm32f429_439xx.s
   Uses
      At line 482 in file ..\BSP\startup_stm32f429_439xx.s
      At line 484 in file ..\BSP\startup_stm32f429_439xx.s

__initial_sp 00005000

Symbol: __initial_sp
   Definitions
      At line 47 in file ..\BSP\startup_stm32f429_439xx.s
   Uses
      At line 75 in file ..\BSP\startup_stm32f429_439xx.s
Comment: __initial_sp used once
3 symbols



ARM Macro Assembler    Page 1 Alphabetic symbol ordering
Relocatable symbols

HEAP 00000000

Symbol: HEAP
   Definitions
      At line 57 in file ..\BSP\startup_stm32f429_439xx.s
   Uses
      None
Comment: HEAP unused
Heap_Mem 00000000

Symbol: Heap_Mem
   Definitions
      At line 59 in file ..\BSP\startup_stm32f429_439xx.s
   Uses
      At line 481 in file ..\BSP\startup_stm32f429_439xx.s
      At line 483 in file ..\BSP\startup_stm32f429_439xx.s

__heap_base 00000000

Symbol: __heap_base
   Definitions
      At line 58 in file ..\BSP\startup_stm32f429_439xx.s
   Uses
      None
Comment: __heap_base unused
__heap_limit 00000200

Symbol: __heap_limit
   Definitions
      At line 60 in file ..\BSP\startup_stm32f429_439xx.s
   Uses
      None
Comment: __heap_limit unused
4 symbols



ARM Macro Assembler    Page 1 Alphabetic symbol ordering
Relocatable symbols

RESET 00000000

Symbol: RESET
   Definitions
      At line 70 in file ..\BSP\startup_stm32f429_439xx.s
   Uses
      None
Comment: RESET unused
__Vectors 00000000

Symbol: __Vectors
   Definitions
      At line 75 in file ..\BSP\startup_stm32f429_439xx.s
   Uses
      At line 71 in file ..\BSP\startup_stm32f429_439xx.s
      At line 187 in file ..\BSP\startup_stm32f429_439xx.s

__Vectors_End 000001AC

Symbol: __Vectors_End
   Definitions
      At line 185 in file ..\BSP\startup_stm32f429_439xx.s
   Uses
      At line 72 in file ..\BSP\startup_stm32f429_439xx.s
      At line 187 in file ..\BSP\startup_stm32f429_439xx.s

3 symbols



ARM Macro Assembler    Page 1 Alphabetic symbol ordering
Relocatable symbols

.text 00000000

Symbol: .text
   Definitions
      At line 189 in file ..\BSP\startup_stm32f429_439xx.s
   Uses
      None
Comment: .text unused
ADC_IRQHandler 0000003A

Symbol: ADC_IRQHandler
   Definitions
      At line 386 in file ..\BSP\startup_stm32f429_439xx.s
   Uses
      At line 111 in file ..\BSP\startup_stm32f429_439xx.s
      At line 294 in file ..\BSP\startup_stm32f429_439xx.s

BusFault_Handler 0000002E

Symbol: BusFault_Handler
   Definitions
      At line 241 in file ..\BSP\startup_stm32f429_439xx.s
   Uses
      At line 80 in file ..\BSP\startup_stm32f429_439xx.s
      At line 242 in file ..\BSP\startup_stm32f429_439xx.s

CAN1_RX0_IRQHandler 0000003A

Symbol: CAN1_RX0_IRQHandler
   Definitions
      At line 388 in file ..\BSP\startup_stm32f429_439xx.s
   Uses
      At line 113 in file ..\BSP\startup_stm32f429_439xx.s
      At line 296 in file ..\BSP\startup_stm32f429_439xx.s

CAN1_RX1_IRQHandler 0000003A

Symbol: CAN1_RX1_IRQHandler
   Definitions
      At line 389 in file ..\BSP\startup_stm32f429_439xx.s
   Uses
      At line 114 in file ..\BSP\startup_stm32f429_439xx.s
      At line 297 in file ..\BSP\startup_stm32f429_439xx.s

CAN1_SCE_IRQHandler 0000003A

Symbol: CAN1_SCE_IRQHandler
   Definitions
      At line 390 in file ..\BSP\startup_stm32f429_439xx.s
   Uses
      At line 115 in file ..\BSP\startup_stm32f429_439xx.s
      At line 298 in file ..\BSP\startup_stm32f429_439xx.s

CAN1_TX_IRQHandler 0000003A

Symbol: CAN1_TX_IRQHandler
   Definitions
      At line 387 in file ..\BSP\startup_stm32f429_439xx.s
   Uses



ARM Macro Assembler    Page 2 Alphabetic symbol ordering
Relocatable symbols

      At line 112 in file ..\BSP\startup_stm32f429_439xx.s
      At line 295 in file ..\BSP\startup_stm32f429_439xx.s

CAN2_RX0_IRQHandler 0000003A

Symbol: CAN2_RX0_IRQHandler
   Definitions
      At line 432 in file ..\BSP\startup_stm32f429_439xx.s
   Uses
      At line 157 in file ..\BSP\startup_stm32f429_439xx.s
      At line 340 in file ..\BSP\startup_stm32f429_439xx.s

CAN2_RX1_IRQHandler 0000003A

Symbol: CAN2_RX1_IRQHandler
   Definitions
      At line 433 in file ..\BSP\startup_stm32f429_439xx.s
   Uses
      At line 158 in file ..\BSP\startup_stm32f429_439xx.s
      At line 341 in file ..\BSP\startup_stm32f429_439xx.s

CAN2_SCE_IRQHandler 0000003A

Symbol: CAN2_SCE_IRQHandler
   Definitions
      At line 434 in file ..\BSP\startup_stm32f429_439xx.s
   Uses
      At line 159 in file ..\BSP\startup_stm32f429_439xx.s
      At line 342 in file ..\BSP\startup_stm32f429_439xx.s

CAN2_TX_IRQHandler 0000003A

Symbol: CAN2_TX_IRQHandler
   Definitions
      At line 431 in file ..\BSP\startup_stm32f429_439xx.s
   Uses
      At line 156 in file ..\BSP\startup_stm32f429_439xx.s
      At line 339 in file ..\BSP\startup_stm32f429_439xx.s

CRYP_IRQHandler 0000003A

Symbol: CRYP_IRQHandler
   Definitions
      At line 447 in file ..\BSP\startup_stm32f429_439xx.s
   Uses
      At line 172 in file ..\BSP\startup_stm32f429_439xx.s
      At line 355 in file ..\BSP\startup_stm32f429_439xx.s

DCMI_IRQHandler 0000003A

Symbol: DCMI_IRQHandler
   Definitions
      At line 446 in file ..\BSP\startup_stm32f429_439xx.s
   Uses
      At line 171 in file ..\BSP\startup_stm32f429_439xx.s
      At line 354 in file ..\BSP\startup_stm32f429_439xx.s

DMA1_Stream0_IRQHandler 0000003A




ARM Macro Assembler    Page 3 Alphabetic symbol ordering
Relocatable symbols

Symbol: DMA1_Stream0_IRQHandler
   Definitions
      At line 379 in file ..\BSP\startup_stm32f429_439xx.s
   Uses
      At line 104 in file ..\BSP\startup_stm32f429_439xx.s
      At line 287 in file ..\BSP\startup_stm32f429_439xx.s

DMA1_Stream1_IRQHandler 0000003A

Symbol: DMA1_Stream1_IRQHandler
   Definitions
      At line 380 in file ..\BSP\startup_stm32f429_439xx.s
   Uses
      At line 105 in file ..\BSP\startup_stm32f429_439xx.s
      At line 288 in file ..\BSP\startup_stm32f429_439xx.s

DMA1_Stream2_IRQHandler 0000003A

Symbol: DMA1_Stream2_IRQHandler
   Definitions
      At line 381 in file ..\BSP\startup_stm32f429_439xx.s
   Uses
      At line 106 in file ..\BSP\startup_stm32f429_439xx.s
      At line 289 in file ..\BSP\startup_stm32f429_439xx.s

DMA1_Stream3_IRQHandler 0000003A

Symbol: DMA1_Stream3_IRQHandler
   Definitions
      At line 382 in file ..\BSP\startup_stm32f429_439xx.s
   Uses
      At line 107 in file ..\BSP\startup_stm32f429_439xx.s
      At line 290 in file ..\BSP\startup_stm32f429_439xx.s

DMA1_Stream4_IRQHandler 0000003A

Symbol: DMA1_Stream4_IRQHandler
   Definitions
      At line 383 in file ..\BSP\startup_stm32f429_439xx.s
   Uses
      At line 108 in file ..\BSP\startup_stm32f429_439xx.s
      At line 291 in file ..\BSP\startup_stm32f429_439xx.s

DMA1_Stream5_IRQHandler 0000003A

Symbol: DMA1_Stream5_IRQHandler
   Definitions
      At line 384 in file ..\BSP\startup_stm32f429_439xx.s
   Uses
      At line 109 in file ..\BSP\startup_stm32f429_439xx.s
      At line 292 in file ..\BSP\startup_stm32f429_439xx.s

DMA1_Stream6_IRQHandler 0000003A

Symbol: DMA1_Stream6_IRQHandler
   Definitions
      At line 385 in file ..\BSP\startup_stm32f429_439xx.s
   Uses
      At line 110 in file ..\BSP\startup_stm32f429_439xx.s



ARM Macro Assembler    Page 4 Alphabetic symbol ordering
Relocatable symbols

      At line 293 in file ..\BSP\startup_stm32f429_439xx.s

DMA1_Stream7_IRQHandler 0000003A

Symbol: DMA1_Stream7_IRQHandler
   Definitions
      At line 415 in file ..\BSP\startup_stm32f429_439xx.s
   Uses
      At line 140 in file ..\BSP\startup_stm32f429_439xx.s
      At line 323 in file ..\BSP\startup_stm32f429_439xx.s

DMA2D_IRQHandler 0000003A

Symbol: DMA2D_IRQHandler
   Definitions
      At line 458 in file ..\BSP\startup_stm32f429_439xx.s
   Uses
      At line 183 in file ..\BSP\startup_stm32f429_439xx.s
      At line 366 in file ..\BSP\startup_stm32f429_439xx.s

DMA2_Stream0_IRQHandler 0000003A

Symbol: DMA2_Stream0_IRQHandler
   Definitions
      At line 424 in file ..\BSP\startup_stm32f429_439xx.s
   Uses
      At line 149 in file ..\BSP\startup_stm32f429_439xx.s
      At line 332 in file ..\BSP\startup_stm32f429_439xx.s

DMA2_Stream1_IRQHandler 0000003A

Symbol: DMA2_Stream1_IRQHandler
   Definitions
      At line 425 in file ..\BSP\startup_stm32f429_439xx.s
   Uses
      At line 150 in file ..\BSP\startup_stm32f429_439xx.s
      At line 333 in file ..\BSP\startup_stm32f429_439xx.s

DMA2_Stream2_IRQHandler 0000003A

Symbol: DMA2_Stream2_IRQHandler
   Definitions
      At line 426 in file ..\BSP\startup_stm32f429_439xx.s
   Uses
      At line 151 in file ..\BSP\startup_stm32f429_439xx.s
      At line 334 in file ..\BSP\startup_stm32f429_439xx.s

DMA2_Stream3_IRQHandler 0000003A

Symbol: DMA2_Stream3_IRQHandler
   Definitions
      At line 427 in file ..\BSP\startup_stm32f429_439xx.s
   Uses
      At line 152 in file ..\BSP\startup_stm32f429_439xx.s
      At line 335 in file ..\BSP\startup_stm32f429_439xx.s

DMA2_Stream4_IRQHandler 0000003A

Symbol: DMA2_Stream4_IRQHandler



ARM Macro Assembler    Page 5 Alphabetic symbol ordering
Relocatable symbols

   Definitions
      At line 428 in file ..\BSP\startup_stm32f429_439xx.s
   Uses
      At line 153 in file ..\BSP\startup_stm32f429_439xx.s
      At line 336 in file ..\BSP\startup_stm32f429_439xx.s

DMA2_Stream5_IRQHandler 0000003A

Symbol: DMA2_Stream5_IRQHandler
   Definitions
      At line 436 in file ..\BSP\startup_stm32f429_439xx.s
   Uses
      At line 161 in file ..\BSP\startup_stm32f429_439xx.s
      At line 344 in file ..\BSP\startup_stm32f429_439xx.s

DMA2_Stream6_IRQHandler 0000003A

Symbol: DMA2_Stream6_IRQHandler
   Definitions
      At line 437 in file ..\BSP\startup_stm32f429_439xx.s
   Uses
      At line 162 in file ..\BSP\startup_stm32f429_439xx.s
      At line 345 in file ..\BSP\startup_stm32f429_439xx.s

DMA2_Stream7_IRQHandler 0000003A

Symbol: DMA2_Stream7_IRQHandler
   Definitions
      At line 438 in file ..\BSP\startup_stm32f429_439xx.s
   Uses
      At line 163 in file ..\BSP\startup_stm32f429_439xx.s
      At line 346 in file ..\BSP\startup_stm32f429_439xx.s

DebugMon_Handler 00000034

Symbol: DebugMon_Handler
   Definitions
      At line 255 in file ..\BSP\startup_stm32f429_439xx.s
   Uses
      At line 87 in file ..\BSP\startup_stm32f429_439xx.s
      At line 256 in file ..\BSP\startup_stm32f429_439xx.s

Default_Handler 0000003A

Symbol: Default_Handler
   Definitions
      At line 274 in file ..\BSP\startup_stm32f429_439xx.s
   Uses
      None
Comment: Default_Handler unused
ETH_IRQHandler 0000003A

Symbol: ETH_IRQHandler
   Definitions
      At line 429 in file ..\BSP\startup_stm32f429_439xx.s
   Uses
      At line 154 in file ..\BSP\startup_stm32f429_439xx.s
      At line 337 in file ..\BSP\startup_stm32f429_439xx.s




ARM Macro Assembler    Page 6 Alphabetic symbol ordering
Relocatable symbols

ETH_WKUP_IRQHandler 0000003A

Symbol: ETH_WKUP_IRQHandler
   Definitions
      At line 430 in file ..\BSP\startup_stm32f429_439xx.s
   Uses
      At line 155 in file ..\BSP\startup_stm32f429_439xx.s
      At line 338 in file ..\BSP\startup_stm32f429_439xx.s

EXTI0_IRQHandler 0000003A

Symbol: EXTI0_IRQHandler
   Definitions
      At line 374 in file ..\BSP\startup_stm32f429_439xx.s
   Uses
      At line 99 in file ..\BSP\startup_stm32f429_439xx.s
      At line 282 in file ..\BSP\startup_stm32f429_439xx.s

EXTI15_10_IRQHandler 0000003A

Symbol: EXTI15_10_IRQHandler
   Definitions
      At line 408 in file ..\BSP\startup_stm32f429_439xx.s
   Uses
      At line 133 in file ..\BSP\startup_stm32f429_439xx.s
      At line 316 in file ..\BSP\startup_stm32f429_439xx.s

EXTI1_IRQHandler 0000003A

Symbol: EXTI1_IRQHandler
   Definitions
      At line 375 in file ..\BSP\startup_stm32f429_439xx.s
   Uses
      At line 100 in file ..\BSP\startup_stm32f429_439xx.s
      At line 283 in file ..\BSP\startup_stm32f429_439xx.s

EXTI2_IRQHandler 0000003A

Symbol: EXTI2_IRQHandler
   Definitions
      At line 376 in file ..\BSP\startup_stm32f429_439xx.s
   Uses
      At line 101 in file ..\BSP\startup_stm32f429_439xx.s
      At line 284 in file ..\BSP\startup_stm32f429_439xx.s

EXTI3_IRQHandler 0000003A

Symbol: EXTI3_IRQHandler
   Definitions
      At line 377 in file ..\BSP\startup_stm32f429_439xx.s
   Uses
      At line 102 in file ..\BSP\startup_stm32f429_439xx.s
      At line 285 in file ..\BSP\startup_stm32f429_439xx.s

EXTI4_IRQHandler 0000003A

Symbol: EXTI4_IRQHandler
   Definitions
      At line 378 in file ..\BSP\startup_stm32f429_439xx.s



ARM Macro Assembler    Page 7 Alphabetic symbol ordering
Relocatable symbols

   Uses
      At line 103 in file ..\BSP\startup_stm32f429_439xx.s
      At line 286 in file ..\BSP\startup_stm32f429_439xx.s

EXTI9_5_IRQHandler 0000003A

Symbol: EXTI9_5_IRQHandler
   Definitions
      At line 391 in file ..\BSP\startup_stm32f429_439xx.s
   Uses
      At line 116 in file ..\BSP\startup_stm32f429_439xx.s
      At line 299 in file ..\BSP\startup_stm32f429_439xx.s

FLASH_IRQHandler 0000003A

Symbol: FLASH_IRQHandler
   Definitions
      At line 372 in file ..\BSP\startup_stm32f429_439xx.s
   Uses
      At line 97 in file ..\BSP\startup_stm32f429_439xx.s
      At line 280 in file ..\BSP\startup_stm32f429_439xx.s

FMC_IRQHandler 0000003A

Symbol: FMC_IRQHandler
   Definitions
      At line 416 in file ..\BSP\startup_stm32f429_439xx.s
   Uses
      At line 141 in file ..\BSP\startup_stm32f429_439xx.s
      At line 324 in file ..\BSP\startup_stm32f429_439xx.s

FPU_IRQHandler 0000003A

Symbol: FPU_IRQHandler
   Definitions
      At line 449 in file ..\BSP\startup_stm32f429_439xx.s
   Uses
      At line 174 in file ..\BSP\startup_stm32f429_439xx.s
      At line 357 in file ..\BSP\startup_stm32f429_439xx.s

HASH_RNG_IRQHandler 0000003A

Symbol: HASH_RNG_IRQHandler
   Definitions
      At line 448 in file ..\BSP\startup_stm32f429_439xx.s
   Uses
      At line 173 in file ..\BSP\startup_stm32f429_439xx.s
      At line 356 in file ..\BSP\startup_stm32f429_439xx.s

HardFault_Handler 0000002A

Symbol: HardFault_Handler
   Definitions
      At line 231 in file ..\BSP\startup_stm32f429_439xx.s
   Uses
      At line 78 in file ..\BSP\startup_stm32f429_439xx.s
      At line 232 in file ..\BSP\startup_stm32f429_439xx.s

I2C1_ER_IRQHandler 0000003A



ARM Macro Assembler    Page 8 Alphabetic symbol ordering
Relocatable symbols


Symbol: I2C1_ER_IRQHandler
   Definitions
      At line 400 in file ..\BSP\startup_stm32f429_439xx.s
   Uses
      At line 125 in file ..\BSP\startup_stm32f429_439xx.s
      At line 308 in file ..\BSP\startup_stm32f429_439xx.s

I2C1_EV_IRQHandler 0000003A

Symbol: I2C1_EV_IRQHandler
   Definitions
      At line 399 in file ..\BSP\startup_stm32f429_439xx.s
   Uses
      At line 124 in file ..\BSP\startup_stm32f429_439xx.s
      At line 307 in file ..\BSP\startup_stm32f429_439xx.s

I2C2_ER_IRQHandler 0000003A

Symbol: I2C2_ER_IRQHandler
   Definitions
      At line 402 in file ..\BSP\startup_stm32f429_439xx.s
   Uses
      At line 127 in file ..\BSP\startup_stm32f429_439xx.s
      At line 310 in file ..\BSP\startup_stm32f429_439xx.s

I2C2_EV_IRQHandler 0000003A

Symbol: I2C2_EV_IRQHandler
   Definitions
      At line 401 in file ..\BSP\startup_stm32f429_439xx.s
   Uses
      At line 126 in file ..\BSP\startup_stm32f429_439xx.s
      At line 309 in file ..\BSP\startup_stm32f429_439xx.s

I2C3_ER_IRQHandler 0000003A

Symbol: I2C3_ER_IRQHandler
   Definitions
      At line 441 in file ..\BSP\startup_stm32f429_439xx.s
   Uses
      At line 166 in file ..\BSP\startup_stm32f429_439xx.s
      At line 349 in file ..\BSP\startup_stm32f429_439xx.s

I2C3_EV_IRQHandler 0000003A

Symbol: I2C3_EV_IRQHandler
   Definitions
      At line 440 in file ..\BSP\startup_stm32f429_439xx.s
   Uses
      At line 165 in file ..\BSP\startup_stm32f429_439xx.s
      At line 348 in file ..\BSP\startup_stm32f429_439xx.s

LTDC_ER_IRQHandler 0000003A

Symbol: LTDC_ER_IRQHandler
   Definitions
      At line 457 in file ..\BSP\startup_stm32f429_439xx.s
   Uses



ARM Macro Assembler    Page 9 Alphabetic symbol ordering
Relocatable symbols

      At line 182 in file ..\BSP\startup_stm32f429_439xx.s
      At line 365 in file ..\BSP\startup_stm32f429_439xx.s

LTDC_IRQHandler 0000003A

Symbol: LTDC_IRQHandler
   Definitions
      At line 456 in file ..\BSP\startup_stm32f429_439xx.s
   Uses
      At line 181 in file ..\BSP\startup_stm32f429_439xx.s
      At line 364 in file ..\BSP\startup_stm32f429_439xx.s

MemManage_Handler 0000002C

Symbol: MemManage_Handler
   Definitions
      At line 236 in file ..\BSP\startup_stm32f429_439xx.s
   Uses
      At line 79 in file ..\BSP\startup_stm32f429_439xx.s
      At line 237 in file ..\BSP\startup_stm32f429_439xx.s

NMI_Handler 00000028

Symbol: NMI_Handler
   Definitions
      At line 226 in file ..\BSP\startup_stm32f429_439xx.s
   Uses
      At line 77 in file ..\BSP\startup_stm32f429_439xx.s
      At line 227 in file ..\BSP\startup_stm32f429_439xx.s

OS_CPU_PendSVHandler 00000036

Symbol: OS_CPU_PendSVHandler
   Definitions
      At line 259 in file ..\BSP\startup_stm32f429_439xx.s
   Uses
      At line 89 in file ..\BSP\startup_stm32f429_439xx.s
      At line 260 in file ..\BSP\startup_stm32f429_439xx.s

OS_CPU_SysTickHandler 00000038

Symbol: OS_CPU_SysTickHandler
   Definitions
      At line 264 in file ..\BSP\startup_stm32f429_439xx.s
   Uses
      At line 90 in file ..\BSP\startup_stm32f429_439xx.s
      At line 265 in file ..\BSP\startup_stm32f429_439xx.s

OTG_FS_IRQHandler 0000003A

Symbol: OTG_FS_IRQHandler
   Definitions
      At line 435 in file ..\BSP\startup_stm32f429_439xx.s
   Uses
      At line 160 in file ..\BSP\startup_stm32f429_439xx.s
      At line 343 in file ..\BSP\startup_stm32f429_439xx.s

OTG_FS_WKUP_IRQHandler 0000003A




ARM Macro Assembler    Page 10 Alphabetic symbol ordering
Relocatable symbols

Symbol: OTG_FS_WKUP_IRQHandler
   Definitions
      At line 410 in file ..\BSP\startup_stm32f429_439xx.s
   Uses
      At line 135 in file ..\BSP\startup_stm32f429_439xx.s
      At line 318 in file ..\BSP\startup_stm32f429_439xx.s

OTG_HS_EP1_IN_IRQHandler 0000003A

Symbol: OTG_HS_EP1_IN_IRQHandler
   Definitions
      At line 443 in file ..\BSP\startup_stm32f429_439xx.s
   Uses
      At line 168 in file ..\BSP\startup_stm32f429_439xx.s
      At line 351 in file ..\BSP\startup_stm32f429_439xx.s

OTG_HS_EP1_OUT_IRQHandler 0000003A

Symbol: OTG_HS_EP1_OUT_IRQHandler
   Definitions
      At line 442 in file ..\BSP\startup_stm32f429_439xx.s
   Uses
      At line 167 in file ..\BSP\startup_stm32f429_439xx.s
      At line 350 in file ..\BSP\startup_stm32f429_439xx.s

OTG_HS_IRQHandler 0000003A

Symbol: OTG_HS_IRQHandler
   Definitions
      At line 445 in file ..\BSP\startup_stm32f429_439xx.s
   Uses
      At line 170 in file ..\BSP\startup_stm32f429_439xx.s
      At line 353 in file ..\BSP\startup_stm32f429_439xx.s

OTG_HS_WKUP_IRQHandler 0000003A

Symbol: OTG_HS_WKUP_IRQHandler
   Definitions
      At line 444 in file ..\BSP\startup_stm32f429_439xx.s
   Uses
      At line 169 in file ..\BSP\startup_stm32f429_439xx.s
      At line 352 in file ..\BSP\startup_stm32f429_439xx.s

PVD_IRQHandler 0000003A

Symbol: PVD_IRQHandler
   Definitions
      At line 369 in file ..\BSP\startup_stm32f429_439xx.s
   Uses
      At line 94 in file ..\BSP\startup_stm32f429_439xx.s
      At line 277 in file ..\BSP\startup_stm32f429_439xx.s

RCC_IRQHandler 0000003A

Symbol: RCC_IRQHandler
   Definitions
      At line 373 in file ..\BSP\startup_stm32f429_439xx.s
   Uses
      At line 98 in file ..\BSP\startup_stm32f429_439xx.s



ARM Macro Assembler    Page 11 Alphabetic symbol ordering
Relocatable symbols

      At line 281 in file ..\BSP\startup_stm32f429_439xx.s

RTC_Alarm_IRQHandler 0000003A

Symbol: RTC_Alarm_IRQHandler
   Definitions
      At line 409 in file ..\BSP\startup_stm32f429_439xx.s
   Uses
      At line 134 in file ..\BSP\startup_stm32f429_439xx.s
      At line 317 in file ..\BSP\startup_stm32f429_439xx.s

RTC_WKUP_IRQHandler 0000003A

Symbol: RTC_WKUP_IRQHandler
   Definitions
      At line 371 in file ..\BSP\startup_stm32f429_439xx.s
   Uses
      At line 96 in file ..\BSP\startup_stm32f429_439xx.s
      At line 279 in file ..\BSP\startup_stm32f429_439xx.s

Reset_Handler 00000000

Symbol: Reset_Handler
   Definitions
      At line 192 in file ..\BSP\startup_stm32f429_439xx.s
   Uses
      At line 76 in file ..\BSP\startup_stm32f429_439xx.s
      At line 193 in file ..\BSP\startup_stm32f429_439xx.s

SAI1_IRQHandler 0000003A

Symbol: SAI1_IRQHandler
   Definitions
      At line 455 in file ..\BSP\startup_stm32f429_439xx.s
   Uses
      At line 180 in file ..\BSP\startup_stm32f429_439xx.s
      At line 363 in file ..\BSP\startup_stm32f429_439xx.s

SDIO_IRQHandler 0000003A

Symbol: SDIO_IRQHandler
   Definitions
      At line 417 in file ..\BSP\startup_stm32f429_439xx.s
   Uses
      At line 142 in file ..\BSP\startup_stm32f429_439xx.s
      At line 325 in file ..\BSP\startup_stm32f429_439xx.s

SPI1_IRQHandler 0000003A

Symbol: SPI1_IRQHandler
   Definitions
      At line 403 in file ..\BSP\startup_stm32f429_439xx.s
   Uses
      At line 128 in file ..\BSP\startup_stm32f429_439xx.s
      At line 311 in file ..\BSP\startup_stm32f429_439xx.s

SPI2_IRQHandler 0000003A

Symbol: SPI2_IRQHandler



ARM Macro Assembler    Page 12 Alphabetic symbol ordering
Relocatable symbols

   Definitions
      At line 404 in file ..\BSP\startup_stm32f429_439xx.s
   Uses
      At line 129 in file ..\BSP\startup_stm32f429_439xx.s
      At line 312 in file ..\BSP\startup_stm32f429_439xx.s

SPI3_IRQHandler 0000003A

Symbol: SPI3_IRQHandler
   Definitions
      At line 419 in file ..\BSP\startup_stm32f429_439xx.s
   Uses
      At line 144 in file ..\BSP\startup_stm32f429_439xx.s
      At line 327 in file ..\BSP\startup_stm32f429_439xx.s

SPI4_IRQHandler 0000003A

Symbol: SPI4_IRQHandler
   Definitions
      At line 452 in file ..\BSP\startup_stm32f429_439xx.s
   Uses
      At line 177 in file ..\BSP\startup_stm32f429_439xx.s
      At line 360 in file ..\BSP\startup_stm32f429_439xx.s

SPI5_IRQHandler 0000003A

Symbol: SPI5_IRQHandler
   Definitions
      At line 453 in file ..\BSP\startup_stm32f429_439xx.s
   Uses
      At line 178 in file ..\BSP\startup_stm32f429_439xx.s
      At line 361 in file ..\BSP\startup_stm32f429_439xx.s

SPI6_IRQHandler 0000003A

Symbol: SPI6_IRQHandler
   Definitions
      At line 454 in file ..\BSP\startup_stm32f429_439xx.s
   Uses
      At line 179 in file ..\BSP\startup_stm32f429_439xx.s
      At line 362 in file ..\BSP\startup_stm32f429_439xx.s

SVC_Handler 00000032

Symbol: SVC_Handler
   Definitions
      At line 250 in file ..\BSP\startup_stm32f429_439xx.s
   Uses
      At line 86 in file ..\BSP\startup_stm32f429_439xx.s
      At line 251 in file ..\BSP\startup_stm32f429_439xx.s

TAMP_STAMP_IRQHandler 0000003A

Symbol: TAMP_STAMP_IRQHandler
   Definitions
      At line 370 in file ..\BSP\startup_stm32f429_439xx.s
   Uses
      At line 95 in file ..\BSP\startup_stm32f429_439xx.s
      At line 278 in file ..\BSP\startup_stm32f429_439xx.s



ARM Macro Assembler    Page 13 Alphabetic symbol ordering
Relocatable symbols


TIM1_BRK_TIM9_IRQHandler 0000003A

Symbol: TIM1_BRK_TIM9_IRQHandler
   Definitions
      At line 392 in file ..\BSP\startup_stm32f429_439xx.s
   Uses
      At line 117 in file ..\BSP\startup_stm32f429_439xx.s
      At line 300 in file ..\BSP\startup_stm32f429_439xx.s

TIM1_CC_IRQHandler 0000003A

Symbol: TIM1_CC_IRQHandler
   Definitions
      At line 395 in file ..\BSP\startup_stm32f429_439xx.s
   Uses
      At line 120 in file ..\BSP\startup_stm32f429_439xx.s
      At line 303 in file ..\BSP\startup_stm32f429_439xx.s

TIM1_TRG_COM_TIM11_IRQHandler 0000003A

Symbol: TIM1_TRG_COM_TIM11_IRQHandler
   Definitions
      At line 394 in file ..\BSP\startup_stm32f429_439xx.s
   Uses
      At line 119 in file ..\BSP\startup_stm32f429_439xx.s
      At line 302 in file ..\BSP\startup_stm32f429_439xx.s

TIM1_UP_TIM10_IRQHandler 0000003A

Symbol: TIM1_UP_TIM10_IRQHandler
   Definitions
      At line 393 in file ..\BSP\startup_stm32f429_439xx.s
   Uses
      At line 118 in file ..\BSP\startup_stm32f429_439xx.s
      At line 301 in file ..\BSP\startup_stm32f429_439xx.s

TIM2_IRQHandler 0000003A

Symbol: TIM2_IRQHandler
   Definitions
      At line 396 in file ..\BSP\startup_stm32f429_439xx.s
   Uses
      At line 121 in file ..\BSP\startup_stm32f429_439xx.s
      At line 304 in file ..\BSP\startup_stm32f429_439xx.s

TIM3_IRQHandler 0000003A

Symbol: TIM3_IRQHandler
   Definitions
      At line 397 in file ..\BSP\startup_stm32f429_439xx.s
   Uses
      At line 122 in file ..\BSP\startup_stm32f429_439xx.s
      At line 305 in file ..\BSP\startup_stm32f429_439xx.s

TIM4_IRQHandler 0000003A

Symbol: TIM4_IRQHandler
   Definitions



ARM Macro Assembler    Page 14 Alphabetic symbol ordering
Relocatable symbols

      At line 398 in file ..\BSP\startup_stm32f429_439xx.s
   Uses
      At line 123 in file ..\BSP\startup_stm32f429_439xx.s
      At line 306 in file ..\BSP\startup_stm32f429_439xx.s

TIM5_IRQHandler 0000003A

Symbol: TIM5_IRQHandler
   Definitions
      At line 418 in file ..\BSP\startup_stm32f429_439xx.s
   Uses
      At line 143 in file ..\BSP\startup_stm32f429_439xx.s
      At line 326 in file ..\BSP\startup_stm32f429_439xx.s

TIM6_DAC_IRQHandler 0000003A

Symbol: TIM6_DAC_IRQHandler
   Definitions
      At line 422 in file ..\BSP\startup_stm32f429_439xx.s
   Uses
      At line 147 in file ..\BSP\startup_stm32f429_439xx.s
      At line 330 in file ..\BSP\startup_stm32f429_439xx.s

TIM7_IRQHandler 0000003A

Symbol: TIM7_IRQHandler
   Definitions
      At line 423 in file ..\BSP\startup_stm32f429_439xx.s
   Uses
      At line 148 in file ..\BSP\startup_stm32f429_439xx.s
      At line 331 in file ..\BSP\startup_stm32f429_439xx.s

TIM8_BRK_TIM12_IRQHandler 0000003A

Symbol: TIM8_BRK_TIM12_IRQHandler
   Definitions
      At line 411 in file ..\BSP\startup_stm32f429_439xx.s
   Uses
      At line 136 in file ..\BSP\startup_stm32f429_439xx.s
      At line 319 in file ..\BSP\startup_stm32f429_439xx.s

TIM8_CC_IRQHandler 0000003A

Symbol: TIM8_CC_IRQHandler
   Definitions
      At line 414 in file ..\BSP\startup_stm32f429_439xx.s
   Uses
      At line 139 in file ..\BSP\startup_stm32f429_439xx.s
      At line 322 in file ..\BSP\startup_stm32f429_439xx.s

TIM8_TRG_COM_TIM14_IRQHandler 0000003A

Symbol: TIM8_TRG_COM_TIM14_IRQHandler
   Definitions
      At line 413 in file ..\BSP\startup_stm32f429_439xx.s
   Uses
      At line 138 in file ..\BSP\startup_stm32f429_439xx.s
      At line 321 in file ..\BSP\startup_stm32f429_439xx.s




ARM Macro Assembler    Page 15 Alphabetic symbol ordering
Relocatable symbols

TIM8_UP_TIM13_IRQHandler 0000003A

Symbol: TIM8_UP_TIM13_IRQHandler
   Definitions
      At line 412 in file ..\BSP\startup_stm32f429_439xx.s
   Uses
      At line 137 in file ..\BSP\startup_stm32f429_439xx.s
      At line 320 in file ..\BSP\startup_stm32f429_439xx.s

UART4_IRQHandler 0000003A

Symbol: UART4_IRQHandler
   Definitions
      At line 420 in file ..\BSP\startup_stm32f429_439xx.s
   Uses
      At line 145 in file ..\BSP\startup_stm32f429_439xx.s
      At line 328 in file ..\BSP\startup_stm32f429_439xx.s

UART5_IRQHandler 0000003A

Symbol: UART5_IRQHandler
   Definitions
      At line 421 in file ..\BSP\startup_stm32f429_439xx.s
   Uses
      At line 146 in file ..\BSP\startup_stm32f429_439xx.s
      At line 329 in file ..\BSP\startup_stm32f429_439xx.s

UART7_IRQHandler 0000003A

Symbol: UART7_IRQHandler
   Definitions
      At line 450 in file ..\BSP\startup_stm32f429_439xx.s
   Uses
      At line 175 in file ..\BSP\startup_stm32f429_439xx.s
      At line 358 in file ..\BSP\startup_stm32f429_439xx.s

UART8_IRQHandler 0000003A

Symbol: UART8_IRQHandler
   Definitions
      At line 451 in file ..\BSP\startup_stm32f429_439xx.s
   Uses
      At line 176 in file ..\BSP\startup_stm32f429_439xx.s
      At line 359 in file ..\BSP\startup_stm32f429_439xx.s

USART1_IRQHandler 0000003A

Symbol: USART1_IRQHandler
   Definitions
      At line 405 in file ..\BSP\startup_stm32f429_439xx.s
   Uses
      At line 130 in file ..\BSP\startup_stm32f429_439xx.s
      At line 313 in file ..\BSP\startup_stm32f429_439xx.s

USART2_IRQHandler 0000003A

Symbol: USART2_IRQHandler
   Definitions
      At line 406 in file ..\BSP\startup_stm32f429_439xx.s



ARM Macro Assembler    Page 16 Alphabetic symbol ordering
Relocatable symbols

   Uses
      At line 131 in file ..\BSP\startup_stm32f429_439xx.s
      At line 314 in file ..\BSP\startup_stm32f429_439xx.s

USART3_IRQHandler 0000003A

Symbol: USART3_IRQHandler
   Definitions
      At line 407 in file ..\BSP\startup_stm32f429_439xx.s
   Uses
      At line 132 in file ..\BSP\startup_stm32f429_439xx.s
      At line 315 in file ..\BSP\startup_stm32f429_439xx.s

USART6_IRQHandler 0000003A

Symbol: USART6_IRQHandler
   Definitions
      At line 439 in file ..\BSP\startup_stm32f429_439xx.s
   Uses
      At line 164 in file ..\BSP\startup_stm32f429_439xx.s
      At line 347 in file ..\BSP\startup_stm32f429_439xx.s

UsageFault_Handler 00000030

Symbol: UsageFault_Handler
   Definitions
      At line 246 in file ..\BSP\startup_stm32f429_439xx.s
   Uses
      At line 81 in file ..\BSP\startup_stm32f429_439xx.s
      At line 247 in file ..\BSP\startup_stm32f429_439xx.s

WWDG_IRQHandler 0000003A

Symbol: WWDG_IRQHandler
   Definitions
      At line 368 in file ..\BSP\startup_stm32f429_439xx.s
   Uses
      At line 93 in file ..\BSP\startup_stm32f429_439xx.s
      At line 276 in file ..\BSP\startup_stm32f429_439xx.s

__user_initial_stackheap 0000003C

Symbol: __user_initial_stackheap
   Definitions
      At line 479 in file ..\BSP\startup_stm32f429_439xx.s
   Uses
      At line 477 in file ..\BSP\startup_stm32f429_439xx.s
Comment: __user_initial_stackheap used once
104 symbols



ARM Macro Assembler    Page 1 Alphabetic symbol ordering
Absolute symbols

Heap_Size 00000200

Symbol: Heap_Size
   Definitions
      At line 55 in file ..\BSP\startup_stm32f429_439xx.s
   Uses
      At line 59 in file ..\BSP\startup_stm32f429_439xx.s
      At line 483 in file ..\BSP\startup_stm32f429_439xx.s

Stack_Size 00005000

Symbol: Stack_Size
   Definitions
      At line 42 in file ..\BSP\startup_stm32f429_439xx.s
   Uses
      At line 46 in file ..\BSP\startup_stm32f429_439xx.s
      At line 482 in file ..\BSP\startup_stm32f429_439xx.s

__Vectors_Size 000001AC

Symbol: __Vectors_Size
   Definitions
      At line 187 in file ..\BSP\startup_stm32f429_439xx.s
   Uses
      At line 73 in file ..\BSP\startup_stm32f429_439xx.s
Comment: __Vectors_Size used once
3 symbols



ARM Macro Assembler    Page 1 Alphabetic symbol ordering
External symbols

SystemInit 00000000

Symbol: SystemInit
   Definitions
      At line 194 in file ..\BSP\startup_stm32f429_439xx.s
   Uses
      At line 218 in file ..\BSP\startup_stm32f429_439xx.s
Comment: SystemInit used once
__main 00000000

Symbol: __main
   Definitions
      At line 195 in file ..\BSP\startup_stm32f429_439xx.s
   Uses
      At line 220 in file ..\BSP\startup_stm32f429_439xx.s
Comment: __main used once
__use_two_region_memory 00000000

Symbol: __use_two_region_memory
   Definitions
      At line 476 in file ..\BSP\startup_stm32f429_439xx.s
   Uses
      None
Comment: __use_two_region_memory unused
3 symbols
455 symbols in table
